Build started 6/2/2016 10:53:16 AM.
     1>Project "C:\Projects\Tarea4\Tarea_4\src\Tarea_4.vcxproj" on node 2 (Rebuild target(s)).
     1>ClCompile:
         C:\Program Files (x86)\Microsoft Visual Studio 12.0\VC\bin\CL.exe /c /ZI /nologo /W3 /WX- /Od /Oy- /D WIN32 /D _DEBUG /D _CONSOLE /D _UNICODE /D UNICODE /Gm /EHsc /RTC1 /MDd /GS /fp:precise /Zc:wchar_t /Zc:forScope /Fo"Debug\\" /Fd"Debug\vc120.pdb" /Gd /TP /analyze- /errorReport:prompt Camera2.cpp main.cpp OBJmodel3D.cpp Vector3D.cpp
         Vector3D.cpp
         OBJmodel3D.cpp
         main.cpp
     1>c:\projects\tarea4\tarea_4\src\main.cpp(68): warning C4996: 'fopen': This function or variable may be unsafe. Consider using fopen_s instead. To disable deprecation, use _CRT_SECURE_NO_WARNINGS. See online help for details.
                 c:\program files (x86)\microsoft visual studio 12.0\vc\include\stdio.h(211) : see declaration of 'fopen'
     1>c:\projects\tarea4\tarea_4\src\main.cpp(384): warning C4996: 'sprintf': This function or variable may be unsafe. Consider using sprintf_s instead. To disable deprecation, use _CRT_SECURE_NO_WARNINGS. See online help for details.
                 c:\program files (x86)\microsoft visual studio 12.0\vc\include\stdio.h(356) : see declaration of 'sprintf'
         Camera2.cpp
         Generating Code...
       Link:
         C:\Program Files (x86)\Microsoft Visual Studio 12.0\VC\bin\link.exe /ERRORREPORT:PROMPT /OUT:"C:\Projects\Tarea4\Tarea_4\src\Debug\Tarea_4.exe" /INCREMENTAL /NOLOGO kernel32.lib user32.lib gdi32.lib winspool.lib comdlg32.lib advapi32.lib shell32.lib ole32.lib oleaut32.lib uuid.lib odbc32.lib odbccp32.lib /MANIFEST /MANIFESTUAC:"level='asInvoker' uiAccess='false'" /manifest:embed /DEBUG /PDB:"C:\Projects\Tarea4\Tarea_4\src\Debug\Tarea_4.pdb" /SUBSYSTEM:CONSOLE /TLBID:1 /DYNAMICBASE /NXCOMPAT /IMPLIB:"C:\Projects\Tarea4\Tarea_4\src\Debug\Tarea_4.lib" /MACHINE:X86 /SAFESEH Debug\Camera2.obj
         Debug\main.obj
         Debug\OBJmodel3D.obj
         Debug\Vector3D.obj
     1>Camera2.obj : warning LNK4075: ignoring '/EDITANDCONTINUE' due to '/SAFESEH' specification
         Tarea_4.vcxproj -> C:\Projects\Tarea4\Tarea_4\src\Debug\Tarea_4.exe
     1>Done Building Project "C:\Projects\Tarea4\Tarea_4\src\Tarea_4.vcxproj" (Rebuild target(s)).

Build succeeded.

Time Elapsed 00:00:01.29
