Build started 6/2/2016 10:53:27 AM.
     1>Project "C:\Projects\Tarea4\Tarea_4\src\Tarea_4.vcxproj" on node 2 (Rebuild target(s)).
     1>ClCompile:
         C:\Program Files (x86)\Microsoft Visual Studio 12.0\VC\bin\CL.exe /c /Zi /nologo /W3 /WX- /O2 /Oi /Oy- /GL /D WIN32 /D NDEBUG /D _CONSOLE /D _UNICODE /D UNICODE /Gm- /EHsc /MD /GS /Gy /fp:precise /Zc:wchar_t /Zc:forScope /Fo"Release\\" /Fd"Release\vc120.pdb" /Gd /TP /analyze- /errorReport:prompt Camera2.cpp main.cpp OBJmodel3D.cpp Vector3D.cpp
         Camera2.cpp
         main.cpp
     1>main.cpp(68): warning C4996: 'fopen': This function or variable may be unsafe. Consider using fopen_s instead. To disable deprecation, use _CRT_SECURE_NO_WARNINGS. See online help for details.
                 C:\Program Files (x86)\Microsoft Visual Studio 12.0\VC\include\stdio.h(211) : see declaration of 'fopen'
     1>main.cpp(384): warning C4996: 'sprintf': This function or variable may be unsafe. Consider using sprintf_s instead. To disable deprecation, use _CRT_SECURE_NO_WARNINGS. See online help for details.
                 C:\Program Files (x86)\Microsoft Visual Studio 12.0\VC\include\stdio.h(356) : see declaration of 'sprintf'
         OBJmodel3D.cpp
         Vector3D.cpp
       Link:
         C:\Program Files (x86)\Microsoft Visual Studio 12.0\VC\bin\link.exe /ERRORREPORT:PROMPT /OUT:"C:\Projects\Tarea4\Tarea_4\src\Release\Tarea_4.exe" /INCREMENTAL:NO /NOLOGO kernel32.lib user32.lib gdi32.lib winspool.lib comdlg32.lib advapi32.lib shell32.lib ole32.lib oleaut32.lib uuid.lib odbc32.lib odbccp32.lib /MANIFEST /MANIFESTUAC:"level='asInvoker' uiAccess='false'" /manifest:embed /DEBUG /PDB:"C:\Projects\Tarea4\Tarea_4\src\Release\Tarea_4.pdb" /SUBSYSTEM:CONSOLE /OPT:REF /OPT:ICF /LTCG /TLBID:1 /DYNAMICBASE /NXCOMPAT /IMPLIB:"C:\Projects\Tarea4\Tarea_4\src\Release\Tarea_4.lib" /MACHINE:X86 /SAFESEH Release\Camera2.obj
         Release\main.obj
         Release\OBJmodel3D.obj
         Release\Vector3D.obj
         Generating code
         Finished generating code
         Tarea_4.vcxproj -> C:\Projects\Tarea4\Tarea_4\src\Release\Tarea_4.exe
     1>Done Building Project "C:\Projects\Tarea4\Tarea_4\src\Tarea_4.vcxproj" (Rebuild target(s)).

Build succeeded.

Time Elapsed 00:00:01.31
